<?xml version="1.0" encoding="UTF-8"?>
<!-- Generated by org.testng.reporters.JUnitReportReporter -->
<testsuite skipped="0" hostname="DESKTOP-LESU4HL" name="Assignment.Scenerio3" tests="1" failures="0" timestamp="14 Aug 2019 06:08:06 GMT" time="40.273" errors="0">
  <testcase name="m3" time="40.273" classname="Assignment.Scenerio3"/>
</testsuite> <!-- Assignment.Scenerio3 -->
