<?xml version="1.0" encoding="UTF-8"?>
<!-- Generated by org.testng.reporters.JUnitReportReporter -->
<testsuite skipped="0" hostname="DESKTOP-LESU4HL" name="Assignment.Scenerio14" tests="1" failures="0" timestamp="15 Aug 2019 08:00:05 GMT" time="24.652" errors="0">
  <testcase name="a1" time="24.652" classname="Assignment.Scenerio14"/>
</testsuite> <!-- Assignment.Scenerio14 -->
