<?xml version="1.0" encoding="UTF-8"?>
<!-- Generated by org.testng.reporters.JUnitReportReporter -->
<testsuite skipped="0" hostname="DESKTOP-LESU4HL" name="Assignment.Scenerio14" tests="1" failures="0" timestamp="14 Aug 2019 07:20:18 GMT" time="20.308" errors="0">
  <testcase name="a2" time="20.308" classname="Assignment.Scenerio14"/>
</testsuite> <!-- Assignment.Scenerio14 -->
