<?xml version="1.0" encoding="UTF-8"?>
<!-- Generated by org.testng.reporters.JUnitReportReporter -->
<testsuite skipped="0" hostname="DESKTOP-LESU4HL" name="Assignment.Scenerio15" tests="1" failures="0" timestamp="14 Aug 2019 07:28:08 GMT" time="34.284" errors="0">
  <testcase name="a2" time="34.284" classname="Assignment.Scenerio15"/>
</testsuite> <!-- Assignment.Scenerio15 -->
