<?xml version="1.0" encoding="UTF-8"?>
<!-- Generated by org.testng.reporters.JUnitReportReporter -->
<testsuite skipped="0" hostname="DESKTOP-LESU4HL" name="Assignment.Scenerio7" tests="1" failures="0" timestamp="15 Aug 2019 02:28:22 GMT" time="50.844" errors="0">
  <testcase name="m" time="50.844" classname="Assignment.Scenerio7"/>
</testsuite> <!-- Assignment.Scenerio7 -->
