<?xml version="1.0" encoding="UTF-8"?>
<!-- Generated by org.testng.reporters.JUnitReportReporter -->
<testsuite skipped="0" hostname="DESKTOP-LESU4HL" name="Assignment.Scenerio8" tests="1" failures="0" timestamp="15 Aug 2019 07:33:04 GMT" time="54.708" errors="0">
  <testcase name="m8" time="54.708" classname="Assignment.Scenerio8"/>
</testsuite> <!-- Assignment.Scenerio8 -->
