<?xml version="1.0" encoding="UTF-8"?>
<!-- Generated by org.testng.reporters.JUnitReportReporter -->
<testsuite skipped="0" hostname="DESKTOP-LESU4HL" name="Assignment.Scenerio1" tests="1" failures="0" timestamp="15 Aug 2019 07:23:39 GMT" time="28.033" errors="0">
  <testcase name="m1" time="28.033" classname="Assignment.Scenerio1"/>
</testsuite> <!-- Assignment.Scenerio1 -->
