<?xml version="1.0" encoding="UTF-8"?>
<!-- Generated by org.testng.reporters.JUnitReportReporter -->
<testsuite skipped="0" hostname="DESKTOP-LESU4HL" name="Assignment.Scenerio13" tests="1" failures="0" timestamp="14 Aug 2019 08:02:02 GMT" time="83.364" errors="0">
  <testcase name="a3" time="83.364" classname="Assignment.Scenerio13"/>
</testsuite> <!-- Assignment.Scenerio13 -->
