<?xml version="1.0" encoding="UTF-8"?>
<!-- Generated by org.testng.reporters.JUnitReportReporter -->
<testsuite skipped="0" hostname="DESKTOP-LESU4HL" name="Assignment.Scenerio4" tests="1" failures="0" timestamp="14 Aug 2019 21:31:33 GMT" time="82.262" errors="0">
  <testcase name="M4" time="82.262" classname="Assignment.Scenerio4"/>
</testsuite> <!-- Assignment.Scenerio4 -->
